<?xml version="1.0" encoding="UTF-8"?>
<testsuite xmlns:xsi="http://www.w3.org/2001/XMLSchema-instance" xsi:schemaLocation="https://maven.apache.org/surefire/maven-surefire-plugin/xsd/surefire-test-report.xsd" name="com.kinetix.counter.WordCounterTest" time="0.539" tests="7" errors="0" skipped="0" failures="0">
  <properties>
[...]
</properties>
  <testcase name="shouldThrowExceptionWhenGivenWordIsNull" classname="com.kinetix.counter.WordCounterTest" time="0.027"/>
  <testcase name="shouldThrowExceptionWhenGivenAlphanumericWord" classname="com.kinetix.counter.WordCounterTest" time="0.004"/>
  <testcase name="shouldIncrementCountWhenGivenWordsWithDifferentCapitilization" classname="com.kinetix.counter.WordCounterTest" time="0.037"/>
  <testcase name="shouldThrowExceptionWhenGivenWordIsEmpty" classname="com.kinetix.counter.WordCounterTest" time="0.001"/>
  <testcase name="shouldReturnWordCountAs1_WhenGivenDifferentWords" classname="com.kinetix.counter.WordCounterTest" time="0.003"/>
  <testcase name="shouldIncrementCountWhenGivenSameWordInDifferentLanguages" classname="com.kinetix.counter.WordCounterTest" time="0.004"/>
  <testcase name="shouldReturnCountAsOneWhenGivenValidWord" classname="com.kinetix.counter.WordCounterTest" time="0.002"/>
</testsuite>